[41552:17328:0930/060132.818:INFO:components\enterprise\browser\controller\chrome_browser_cloud_management_controller.cc:206] No machine level policy manager exists.
[15352:31792:0930/060132.931:ERROR:ui\gl\direct_composition_support.cc:616] AMD VideoProcessorGetOutputExtension failed: 지정되지 않은 오류입니다. (0x80004005)
[41552:23600:0930/060135.576:ERROR:google_apis\gcm\engine\registration_request.cc:291] Registration response error message: DEPRECATED_ENDPOINT
[41552:17328:0930/060148.593:INFO:CONSOLE:0] "[DOM] Input elements should have autocomplete attributes (suggested: "current-password"): (More info: https://goo.gl/9p2vKq) %o", source: https://nid.naver.com/nidlogin.login?mode=form&url=https://www.naver.com/ (0)
[41552:17328:0930/060148.901:INFO:CONSOLE:2] "Error", source: https://wtm.pstatic.net/f42d54e/54ca873547d7da4dfa43.js (2)
[41552:23600:0930/060200.874:ERROR:google_apis\gcm\engine\registration_request.cc:291] Registration response error message: DEPRECATED_ENDPOINT
[41552:17328:0930/060209.998:INFO:CONSOLE:2] "Failed to execute 'postMessage' on 'DOMWindow': The target origin provided ('https://shopsquare.naver.com') does not match the recipient window's origin ('https://www.naver.com').", source: https://pm.pstatic.net/resources/js/main.5ca999fc.js?o=www (2)
[41552:17328:0930/060209.998:INFO:CONSOLE:2] "Failed to execute 'postMessage' on 'DOMWindow': The target origin provided ('https://recoshopping.naver.com') does not match the recipient window's origin ('https://www.naver.com').", source: https://pm.pstatic.net/resources/js/main.5ca999fc.js?o=www (2)
[41552:17328:0930/060214.784:INFO:CONSOLE:10] "MaxListenersExceededWarning: Possible EventEmitter memory leak detected. 11 visible listeners added. Use emitter.setMaxListeners() to increase limit", source: https://ssl.pstatic.net/static/photoViewer/1.1.2/photo-viewer.js (10)
[41552:17328:0930/060214.785:INFO:CONSOLE:10] "MaxListenersExceededWarning: Possible EventEmitter memory leak detected. 11 invisible listeners added. Use emitter.setMaxListeners() to increase limit", source: https://ssl.pstatic.net/static/photoViewer/1.1.2/photo-viewer.js (10)
[41552:17328:0930/060217.278:INFO:CONSOLE:10] "MaxListenersExceededWarning: Possible EventEmitter memory leak detected. 11 visible listeners added. Use emitter.setMaxListeners() to increase limit", source: https://ssl.pstatic.net/static/photoViewer/1.1.2/photo-viewer.js (10)
[41552:17328:0930/060217.278:INFO:CONSOLE:10] "MaxListenersExceededWarning: Possible EventEmitter memory leak detected. 11 invisible listeners added. Use emitter.setMaxListeners() to increase limit", source: https://ssl.pstatic.net/static/photoViewer/1.1.2/photo-viewer.js (10)
[41552:17328:0930/060239.797:INFO:CONSOLE:10] "MaxListenersExceededWarning: Possible EventEmitter memory leak detected. 11 visible listeners added. Use emitter.setMaxListeners() to increase limit", source: https://ssl.pstatic.net/static/photoViewer/1.1.2/photo-viewer.js (10)
[41552:17328:0930/060239.797:INFO:CONSOLE:10] "MaxListenersExceededWarning: Possible EventEmitter memory leak detected. 11 invisible listeners added. Use emitter.setMaxListeners() to increase limit", source: https://ssl.pstatic.net/static/photoViewer/1.1.2/photo-viewer.js (10)
[41552:23600:0930/060259.517:ERROR:google_apis\gcm\engine\registration_request.cc:291] Registration response error message: DEPRECATED_ENDPOINT
[41552:17328:0930/060425.962:INFO:CONSOLE:1] "Canvas2D: Multiple readback operations using getImageData are faster with the willReadFrequently attribute set to true. See: https://html.spec.whatwg.org/multipage/canvas.html#concept-canvas-will-read-frequently", source: https://ssl.pstatic.net/t.static.blog/mylog/versioning/LayoutBottomCommon-56502216_https.js (1)
[41552:17328:0930/060425.975:INFO:CONSOLE:1] "Canvas2D: Multiple readback operations using getImageData are faster with the willReadFrequently attribute set to true. See: https://html.spec.whatwg.org/multipage/canvas.html#concept-canvas-will-read-frequently", source: https://ssl.pstatic.net/t.static.blog/mylog/versioning/LayoutBottomCommon-56502216_https.js (1)
[41552:17328:0930/060426.059:INFO:CONSOLE:10] "MaxListenersExceededWarning: Possible EventEmitter memory leak detected. 11 visible listeners added. Use emitter.setMaxListeners() to increase limit", source: https://ssl.pstatic.net/static/photoViewer/1.1.2/photo-viewer.js (10)
[41552:17328:0930/060426.059:INFO:CONSOLE:10] "MaxListenersExceededWarning: Possible EventEmitter memory leak detected. 11 invisible listeners added. Use emitter.setMaxListeners() to increase limit", source: https://ssl.pstatic.net/static/photoViewer/1.1.2/photo-viewer.js (10)
[41552:17328:0930/060427.044:WARNING:chrome\browser\media\prefs\capture_device_ranking.h:255] Can't initialize the value of media.audio_input.user_preference_ranking because media.default_audio_capture_device isn't registered or is empty
[41552:17328:0930/060427.044:WARNING:chrome\browser\media\prefs\capture_device_ranking.h:255] Can't initialize the value of media.video_input.user_preference_ranking because media.default_video_capture_Device isn't registered or is empty
[41552:17328:0930/060428.417:INFO:CONSOLE:1] "Canvas2D: Multiple readback operations using getImageData are faster with the willReadFrequently attribute set to true. See: https://html.spec.whatwg.org/multipage/canvas.html#concept-canvas-will-read-frequently", source: https://ssl.pstatic.net/t.static.blog/mylog/versioning/LayoutBottomCommon-56502216_https.js (1)
[41552:17328:0930/060428.431:INFO:CONSOLE:1] "Canvas2D: Multiple readback operations using getImageData are faster with the willReadFrequently attribute set to true. See: https://html.spec.whatwg.org/multipage/canvas.html#concept-canvas-will-read-frequently", source: https://ssl.pstatic.net/t.static.blog/mylog/versioning/LayoutBottomCommon-56502216_https.js (1)
[41552:17328:0930/060428.465:INFO:CONSOLE:10] "MaxListenersExceededWarning: Possible EventEmitter memory leak detected. 11 visible listeners added. Use emitter.setMaxListeners() to increase limit", source: https://ssl.pstatic.net/static/photoViewer/1.1.2/photo-viewer.js (10)
[41552:17328:0930/060428.466:INFO:CONSOLE:10] "MaxListenersExceededWarning: Possible EventEmitter memory leak detected. 11 invisible listeners added. Use emitter.setMaxListeners() to increase limit", source: https://ssl.pstatic.net/static/photoViewer/1.1.2/photo-viewer.js (10)
[41552:17328:0930/060428.870:WARNING:chrome\browser\media\prefs\capture_device_ranking.h:255] Can't initialize the value of media.audio_input.user_preference_ranking because media.default_audio_capture_device isn't registered or is empty
[41552:17328:0930/060428.870:WARNING:chrome\browser\media\prefs\capture_device_ranking.h:255] Can't initialize the value of media.video_input.user_preference_ranking because media.default_video_capture_Device isn't registered or is empty
[41552:23600:0930/060446.063:ERROR:google_apis\gcm\engine\registration_request.cc:291] Registration response error message: DEPRECATED_ENDPOINT
[41552:17328:0930/060450.971:INFO:CONSOLE:1] "Canvas2D: Multiple readback operations using getImageData are faster with the willReadFrequently attribute set to true. See: https://html.spec.whatwg.org/multipage/canvas.html#concept-canvas-will-read-frequently", source: https://ssl.pstatic.net/t.static.blog/mylog/versioning/LayoutBottomCommon-56502216_https.js (1)
[41552:17328:0930/060450.982:INFO:CONSOLE:1] "Canvas2D: Multiple readback operations using getImageData are faster with the willReadFrequently attribute set to true. See: https://html.spec.whatwg.org/multipage/canvas.html#concept-canvas-will-read-frequently", source: https://ssl.pstatic.net/t.static.blog/mylog/versioning/LayoutBottomCommon-56502216_https.js (1)
[41552:17328:0930/060451.039:INFO:CONSOLE:10] "MaxListenersExceededWarning: Possible EventEmitter memory leak detected. 11 visible listeners added. Use emitter.setMaxListeners() to increase limit", source: https://ssl.pstatic.net/static/photoViewer/1.1.2/photo-viewer.js (10)
[41552:17328:0930/060451.039:INFO:CONSOLE:10] "MaxListenersExceededWarning: Possible EventEmitter memory leak detected. 11 invisible listeners added. Use emitter.setMaxListeners() to increase limit", source: https://ssl.pstatic.net/static/photoViewer/1.1.2/photo-viewer.js (10)
[41552:17328:0930/060451.322:WARNING:chrome\browser\media\prefs\capture_device_ranking.h:255] Can't initialize the value of media.audio_input.user_preference_ranking because media.default_audio_capture_device isn't registered or is empty
[41552:17328:0930/060451.322:WARNING:chrome\browser\media\prefs\capture_device_ranking.h:255] Can't initialize the value of media.video_input.user_preference_ranking because media.default_video_capture_Device isn't registered or is empty
[41552:17328:0930/060520.417:INFO:CONSOLE:275] "Google Maps JavaScript API has been loaded directly without loading=async. This can result in suboptimal performance. For best-practice loading patterns please see https://goo.gle/js-api-loading", source: https://maps.google.co.kr/maps/api/js?v=3&client=gme-nhncorp&language=ko&channel=naver_blog (275)
[41552:17328:0930/060520.540:INFO:CONSOLE:2] "MaxListenersExceededWarning: Possible EventEmitter memory leak detected. 11 visible listeners added. Use emitter.setMaxListeners() to increase limit", source: https://ssl.pstatic.net/t.static.blog/mylog/versioning//js/blogOnMap-811be5f_https.js (2)
[41552:17328:0930/060520.540:INFO:CONSOLE:2] "MaxListenersExceededWarning: Possible EventEmitter memory leak detected. 11 invisible listeners added. Use emitter.setMaxListeners() to increase limit", source: https://ssl.pstatic.net/t.static.blog/mylog/versioning//js/blogOnMap-811be5f_https.js (2)
[41552:17328:0930/060522.786:INFO:CONSOLE:275] "Google Maps JavaScript API has been loaded directly without loading=async. This can result in suboptimal performance. For best-practice loading patterns please see https://goo.gle/js-api-loading", source: https://maps.google.co.kr/maps/api/js?v=3&client=gme-nhncorp&language=ko&channel=naver_blog (275)
[41552:17328:0930/060522.993:INFO:CONSOLE:2] "MaxListenersExceededWarning: Possible EventEmitter memory leak detected. 11 visible listeners added. Use emitter.setMaxListeners() to increase limit", source: https://ssl.pstatic.net/t.static.blog/mylog/versioning//js/blogOnMap-811be5f_https.js (2)
[41552:17328:0930/060522.993:INFO:CONSOLE:2] "MaxListenersExceededWarning: Possible EventEmitter memory leak detected. 11 invisible listeners added. Use emitter.setMaxListeners() to increase limit", source: https://ssl.pstatic.net/t.static.blog/mylog/versioning//js/blogOnMap-811be5f_https.js (2)
[41552:17328:0930/060545.321:INFO:CONSOLE:275] "Google Maps JavaScript API has been loaded directly without loading=async. This can result in suboptimal performance. For best-practice loading patterns please see https://goo.gle/js-api-loading", source: https://maps.google.co.kr/maps/api/js?v=3&client=gme-nhncorp&language=ko&channel=naver_blog (275)
[41552:17328:0930/060545.533:INFO:CONSOLE:2] "MaxListenersExceededWarning: Possible EventEmitter memory leak detected. 11 visible listeners added. Use emitter.setMaxListeners() to increase limit", source: https://ssl.pstatic.net/t.static.blog/mylog/versioning//js/blogOnMap-811be5f_https.js (2)
[41552:17328:0930/060545.534:INFO:CONSOLE:2] "MaxListenersExceededWarning: Possible EventEmitter memory leak detected. 11 invisible listeners added. Use emitter.setMaxListeners() to increase limit", source: https://ssl.pstatic.net/t.static.blog/mylog/versioning//js/blogOnMap-811be5f_https.js (2)
[41552:17328:0930/060622.402:INFO:CONSOLE:1] "Canvas2D: Multiple readback operations using getImageData are faster with the willReadFrequently attribute set to true. See: https://html.spec.whatwg.org/multipage/canvas.html#concept-canvas-will-read-frequently", source: https://ssl.pstatic.net/t.static.blog/mylog/versioning/LayoutBottomCommon-56502216_https.js (1)
