[29176:30468:0930/065403.134:INFO:components\enterprise\browser\controller\chrome_browser_cloud_management_controller.cc:206] No machine level policy manager exists.
[34600:35168:0930/065403.243:ERROR:ui\gl\direct_composition_support.cc:616] AMD VideoProcessorGetOutputExtension failed: 지정되지 않은 오류입니다. (0x80004005)
[29176:21860:0930/065405.764:ERROR:google_apis\gcm\engine\registration_request.cc:291] Registration response error message: DEPRECATED_ENDPOINT
[29176:30468:0930/065418.781:INFO:CONSOLE:0] "[DOM] Input elements should have autocomplete attributes (suggested: "current-password"): (More info: https://goo.gl/9p2vKq) %o", source: https://nid.naver.com/nidlogin.login?mode=form&url=https://www.naver.com/ (0)
[29176:30468:0930/065419.276:INFO:CONSOLE:2] "Error", source: https://wtm.pstatic.net/f42d54e/54ca873547d7da4dfa43.js (2)
[29176:21860:0930/065431.556:ERROR:google_apis\gcm\engine\registration_request.cc:291] Registration response error message: DEPRECATED_ENDPOINT
[29176:30468:0930/065437.548:INFO:CONSOLE:2] "Failed to execute 'postMessage' on 'DOMWindow': The target origin provided ('https://shopsquare.naver.com') does not match the recipient window's origin ('https://www.naver.com').", source: https://pm.pstatic.net/resources/js/main.5ca999fc.js?o=www (2)
[29176:30468:0930/065437.548:INFO:CONSOLE:2] "Failed to execute 'postMessage' on 'DOMWindow': The target origin provided ('https://recoshopping.naver.com') does not match the recipient window's origin ('https://www.naver.com').", source: https://pm.pstatic.net/resources/js/main.5ca999fc.js?o=www (2)
[29176:30468:0930/065442.778:INFO:CONSOLE:10] "MaxListenersExceededWarning: Possible EventEmitter memory leak detected. 11 visible listeners added. Use emitter.setMaxListeners() to increase limit", source: https://ssl.pstatic.net/static/photoViewer/1.1.2/photo-viewer.js (10)
[29176:30468:0930/065442.779:INFO:CONSOLE:10] "MaxListenersExceededWarning: Possible EventEmitter memory leak detected. 11 invisible listeners added. Use emitter.setMaxListeners() to increase limit", source: https://ssl.pstatic.net/static/photoViewer/1.1.2/photo-viewer.js (10)
[29176:30468:0930/065445.134:INFO:CONSOLE:10] "MaxListenersExceededWarning: Possible EventEmitter memory leak detected. 11 visible listeners added. Use emitter.setMaxListeners() to increase limit", source: https://ssl.pstatic.net/static/photoViewer/1.1.2/photo-viewer.js (10)
[29176:30468:0930/065445.134:INFO:CONSOLE:10] "MaxListenersExceededWarning: Possible EventEmitter memory leak detected. 11 invisible listeners added. Use emitter.setMaxListeners() to increase limit", source: https://ssl.pstatic.net/static/photoViewer/1.1.2/photo-viewer.js (10)
[29176:21860:0930/065513.741:ERROR:google_apis\gcm\engine\registration_request.cc:291] Registration response error message: DEPRECATED_ENDPOINT
[29176:30468:0930/065535.372:INFO:CONSOLE:1] "Canvas2D: Multiple readback operations using getImageData are faster with the willReadFrequently attribute set to true. See: https://html.spec.whatwg.org/multipage/canvas.html#concept-canvas-will-read-frequently", source: https://ssl.pstatic.net/t.static.blog/mylog/versioning/LayoutBottomCommon-56502216_https.js (1)
[29176:30468:0930/065537.954:INFO:CONSOLE:1] "Canvas2D: Multiple readback operations using getImageData are faster with the willReadFrequently attribute set to true. See: https://html.spec.whatwg.org/multipage/canvas.html#concept-canvas-will-read-frequently", source: https://ssl.pstatic.net/t.static.blog/mylog/versioning/LayoutBottomCommon-56502216_https.js (1)
[29176:30468:0930/065601.749:INFO:CONSOLE:1] "Canvas2D: Multiple readback operations using getImageData are faster with the willReadFrequently attribute set to true. See: https://html.spec.whatwg.org/multipage/canvas.html#concept-canvas-will-read-frequently", source: https://ssl.pstatic.net/t.static.blog/mylog/versioning/LayoutBottomCommon-56502216_https.js (1)
[29176:30468:0930/065604.083:INFO:CONSOLE:1] "Canvas2D: Multiple readback operations using getImageData are faster with the willReadFrequently attribute set to true. See: https://html.spec.whatwg.org/multipage/canvas.html#concept-canvas-will-read-frequently", source: https://ssl.pstatic.net/t.static.blog/mylog/versioning/LayoutBottomCommon-56502216_https.js (1)
[29176:30468:0930/065613.909:INFO:CONSOLE:1] "Canvas2D: Multiple readback operations using getImageData are faster with the willReadFrequently attribute set to true. See: https://html.spec.whatwg.org/multipage/canvas.html#concept-canvas-will-read-frequently", source: https://ssl.pstatic.net/t.static.blog/mylog/versioning/LayoutBottomCommon-56502216_https.js (1)
[29176:21860:0930/065641.646:ERROR:google_apis\gcm\engine\registration_request.cc:291] Registration response error message: DEPRECATED_ENDPOINT
[29176:30468:0930/065658.958:INFO:CONSOLE:10] "MaxListenersExceededWarning: Possible EventEmitter memory leak detected. 11 visible listeners added. Use emitter.setMaxListeners() to increase limit", source: https://ssl.pstatic.net/static/photoViewer/1.1.2/photo-viewer.js (10)
[29176:30468:0930/065658.959:INFO:CONSOLE:10] "MaxListenersExceededWarning: Possible EventEmitter memory leak detected. 11 invisible listeners added. Use emitter.setMaxListeners() to increase limit", source: https://ssl.pstatic.net/static/photoViewer/1.1.2/photo-viewer.js (10)
